-------------------------------------------------------------------------------
Test set: coderetreat.AppTest
-------------------------------------------------------------------------------
Tests run: 1, Failures: 1, Errors: 0, Skipped: 0, Time elapsed: 0.028 s <<< FAILURE! - in coderetreat.AppTest
shouldAnswerWithTrue(coderetreat.AppTest)  Time elapsed: 0.005 s  <<< FAILURE!
java.lang.AssertionError
	at coderetreat.AppTest.shouldAnswerWithTrue(AppTest.java:18)

